2025-12-25 16:42:06 - networksecurity - INFO - initiated data ingestion
2025-12-25 16:42:19 - networksecurity - INFO - Performed train test split on the dataframe
2025-12-25 16:42:19 - networksecurity - INFO - Exited split_data_as_train_test method of Data_Ingestion class
2025-12-25 16:42:19 - networksecurity - INFO - Exporting train and test file path.
2025-12-25 16:42:19 - networksecurity - INFO - Exported train and test file path.
2025-12-25 16:42:19 - networksecurity - INFO - Initiate the data validation
2025-12-25 16:42:19 - networksecurity - INFO - Required number of columns:2
2025-12-25 16:42:19 - networksecurity - INFO - Data frame has columns:31
2025-12-25 16:42:19 - networksecurity - INFO - Required number of columns:2
2025-12-25 16:42:19 - networksecurity - INFO - Data frame has columns:31
2025-12-25 16:42:19 - networksecurity - INFO - data validation completed
2025-12-25 16:42:19 - networksecurity - INFO - data transformation started
2025-12-25 16:42:19 - networksecurity - INFO - Entered initiate_data_transformation method of DataTransformation class
2025-12-25 16:42:19 - networksecurity - INFO - Starting data transformation
2025-12-25 16:42:19 - networksecurity - INFO - Entered get_data_transformer_object method of transformation class
2025-12-25 16:42:19 - networksecurity - INFO - Initialise KNNImputer with {'missing_values': nan, 'n_neighbors': 3, 'weights': 'uniform'}
2025-12-25 16:42:19 - networksecurity - INFO - Entered the save_object method of MainUtils class
2025-12-25 16:42:19 - networksecurity - INFO - Exited the save_object method of MainUtils class
2025-12-25 16:42:19 - networksecurity - INFO - Entered the save_object method of MainUtils class
2025-12-25 16:42:19 - networksecurity - INFO - Exited the save_object method of MainUtils class
2025-12-25 16:42:19 - networksecurity - INFO - data transformation completed
2025-12-25 16:42:19 - networksecurity - INFO - Model Training started
2025-12-25 16:45:18 - networksecurity - INFO - Entered the save_object method of MainUtils class
2025-12-25 16:45:18 - networksecurity - INFO - Exited the save_object method of MainUtils class
2025-12-25 16:45:18 - networksecurity - INFO - Entered the save_object method of MainUtils class
2025-12-25 16:45:18 - networksecurity - INFO - Exited the save_object method of MainUtils class
2025-12-25 16:45:18 - networksecurity - INFO - Model trainer artifact: ModelTrainerArtifact(trained_model_file_path='Artifacts/12_25_2025_16_42_05/model_trainer/trained_model/model.pkl', train_metric_artifact=ClassificationMetricArtifact(f1_score=0.9915966386554622, precision_score=0.9904935275080906, recall_score=0.9927022096087573), test_metric_artifact=ClassificationMetricArtifact(f1_score=0.9703613479496549, precision_score=0.9644874899112187, recall_score=0.9763071895424836))
2025-12-25 16:45:18 - networksecurity - INFO - Model Training artifact created
